<?xml version="1.0" encoding="UTF-8"?>
<testsuite name="JUnit Jupiter" tests="0" skipped="0" failures="0" errors="0" time="0.006" hostname="DESKTOP-UOJIM9T" timestamp="2023-05-06T21:04:48">
<properties>
<property name="file.encoding" value="windows-1252"/>
<property name="file.separator" value="\"/>
<property name="java.class.path" value="C:\Users\beren\Desktop\iet-hf-2023-millennials\build\classes\java\test;C:\Users\beren\Desktop\iet-hf-2023-millennials\build\resources\test;C:\Users\beren\Desktop\iet-hf-2023-millennials\build\classes\java\main;C:\Users\beren\Desktop\iet-hf-2023-millennials\build\resources\main;C:\Users\beren\.gradle\caches\modules-2\files-2.1\org.junit.jupiter\junit-jupiter-engine\5.0.1\e22d2bf87f43fb03fee14dea447b2a14f41b095f\junit-jupiter-engine-5.0.1.jar;C:\Users\beren\.gradle\caches\modules-2\files-2.1\org.junit.jupiter\junit-jupiter-api\5.0.1\30fbf4448c594cb45d8e91630d6bb7f465906b88\junit-jupiter-api-5.0.1.jar;C:\Users\beren\.gradle\caches\modules-2\files-2.1\org.mockito\mockito-core\2.28.2\91110215a8cb9b77a46e045ee758f77d79167cc0\mockito-core-2.28.2.jar;C:\Users\beren\.gradle\caches\modules-2\files-2.1\org.junit.vintage\junit-vintage-engine\4.12.1\9ebffc203c5acb51450e34b38b91067f0b4e7e6c\junit-vintage-engine-4.12.1.jar;C:\Users\beren\.gradle\caches\modules-2\files-2.1\org.junit.platform\junit-platform-runner\1.0.1\edb8717e46700debfea297fbd0e4526441e0eb52\junit-platform-runner-1.0.1.jar;C:\Users\beren\.gradle\caches\modules-2\files-2.1\org.junit.platform\junit-platform-launcher\1.0.1\5562631a34e4eefefdad04cdd49a50774d6ac777\junit-platform-launcher-1.0.1.jar;C:\Users\beren\.gradle\caches\modules-2\files-2.1\junit\junit\4.13.1\cdd00374f1fee76b11e2a9d127405aa3f6be5b6a\junit-4.13.1.jar;C:\Users\beren\.gradle\caches\modules-2\files-2.1\org.junit.platform\junit-platform-engine\1.0.1\4ce0a37866312c18ea3f45818f2faec077e46e0\junit-platform-engine-1.0.1.jar;C:\Users\beren\.gradle\caches\modules-2\files-2.1\org.opentest4j\opentest4j\1.0.0\6f09c598e9ff64bf0ce2fa7e7de49a99ba83c0b4\opentest4j-1.0.0.jar;C:\Users\beren\.gradle\caches\modules-2\files-2.1\org.junit.platform\junit-platform-suite-api\1.0.1\dba5b945d6e3bc26fdbb100db1b94dcf435c1c6f\junit-platform-suite-api-1.0.1.jar;C:\Users\beren\.gradle\caches\modules-2\files-2.1\org.junit.platform\junit-platform-commons\1.0.1\3632e4a74a43d3ae8d29e6fa172cbc29590bda03\junit-platform-commons-1.0.1.jar;C:\Users\beren\.gradle\caches\modules-2\files-2.1\net.bytebuddy\byte-buddy\1.9.10\211a2b4d3df1eeef2a6cacf78d74a1f725e7a840\byte-buddy-1.9.10.jar;C:\Users\beren\.gradle\caches\modules-2\files-2.1\net.bytebuddy\byte-buddy-agent\1.9.10\9674aba5ee793e54b864952b001166848da0f26b\byte-buddy-agent-1.9.10.jar;C:\Users\beren\.gradle\caches\modules-2\files-2.1\org.objenesis\objenesis\2.6\639033469776fd37c08358c6b92a4761feb2af4b\objenesis-2.6.jar;C:\Users\beren\.gradle\caches\modules-2\files-2.1\org.hamcrest\hamcrest-core\1.3\42a25dc3219429f0e5d060061f71acb49bf010a0\hamcrest-core-1.3.jar;C:\Users\beren\.gradle\caches\modules-2\files-2.1\org.junit.platform\junit-platform-console\1.0.1\3892e08f30d92a88addc73f3a5f9575be864cec\junit-platform-console-1.0.1.jar"/>
<property name="java.class.version" value="61.0"/>
<property name="java.home" value="C:\Program Files\Java\jdk-17"/>
<property name="java.io.tmpdir" value="C:\Users\beren\AppData\Local\Temp\"/>
<property name="java.library.path" value="C:\Program Files\Java\jdk-17\bin;C:\Windows\Sun\Java\bin;C:\Windows\system32;C:\Windows;C:\Program Files\Google\Chrome\Application;C:\Windows\system32;C:\Windows;C:\Windows\System32\Wbem;C:\Windows\System32\WindowsPowerShell\v1.0\;C:\Windows\System32\OpenSSH\;C:\Program Files (x86)\NVIDIA Corporation\PhysX\Common;C:\Program Files\Git\cmd;C:\Program Files (x86)\Eclipse\Sumo\bin\;C:\Program Files (x86)\Eclipse\Sumo\tools\;C:\HashiCorp\Vagrant\bin;C:\Users\beren\AppData\Local\Microsoft\WindowsApps;C:\Users\beren\AppData\Local\Programs\Microsoft VS Code\bin;C:\Users\beren\AppData\Local\Programs\Python\Python311;;."/>
<property name="java.runtime.name" value="Java(TM) SE Runtime Environment"/>
<property name="java.runtime.version" value="17.0.7+8-LTS-224"/>
<property name="java.specification.name" value="Java Platform API Specification"/>
<property name="java.specification.vendor" value="Oracle Corporation"/>
<property name="java.specification.version" value="17"/>
<property name="java.vendor" value="Oracle Corporation"/>
<property name="java.vendor.url" value="https://java.oracle.com/"/>
<property name="java.vendor.url.bug" value="https://bugreport.java.com/bugreport/"/>
<property name="java.version" value="17.0.7"/>
<property name="java.version.date" value="2023-04-18"/>
<property name="java.vm.compressedOopsMode" value="Zero based"/>
<property name="java.vm.info" value="mixed mode, sharing"/>
<property name="java.vm.name" value="Java HotSpot(TM) 64-Bit Server VM"/>
<property name="java.vm.specification.name" value="Java Virtual Machine Specification"/>
<property name="java.vm.specification.vendor" value="Oracle Corporation"/>
<property name="java.vm.specification.version" value="17"/>
<property name="java.vm.vendor" value="Oracle Corporation"/>
<property name="java.vm.version" value="17.0.7+8-LTS-224"/>
<property name="jdk.debug" value="release"/>
<property name="line.separator" value="
"/>
<property name="native.encoding" value="Cp1252"/>
<property name="os.arch" value="amd64"/>
<property name="os.name" value="Windows 10"/>
<property name="os.version" value="10.0"/>
<property name="path.separator" value=";"/>
<property name="sun.arch.data.model" value="64"/>
<property name="sun.boot.library.path" value="C:\Program Files\Java\jdk-17\bin"/>
<property name="sun.cpu.endian" value="little"/>
<property name="sun.cpu.isalist" value="amd64"/>
<property name="sun.io.unicode.encoding" value="UnicodeLittle"/>
<property name="sun.java.command" value="org.junit.platform.console.ConsoleLauncher --details NONE --scan-class-path C:\Users\beren\Desktop\iet-hf-2023-millennials\build\classes\java\main;C:\Users\beren\Desktop\iet-hf-2023-millennials\build\resources\main;C:\Users\beren\Desktop\iet-hf-2023-millennials\build\classes\java\test;C:\Users\beren\Desktop\iet-hf-2023-millennials\build\resources\test -n ^.*Tests?$ --reports-dir C:\Users\beren\Desktop\iet-hf-2023-millennials\build\test-results\junit-platform"/>
<property name="sun.java.launcher" value="SUN_STANDARD"/>
<property name="sun.jnu.encoding" value="Cp1252"/>
<property name="sun.management.compiler" value="HotSpot 64-Bit Tiered Compilers"/>
<property name="sun.os.patch.level" value=""/>
<property name="user.country" value="US"/>
<property name="user.dir" value="C:\Users\beren\Desktop\iet-hf-2023-millennials"/>
<property name="user.home" value="C:\Users\beren"/>
<property name="user.language" value="en"/>
<property name="user.name" value="beren"/>
<property name="user.script" value=""/>
<property name="user.timezone" value="Europe/Budapest"/>
<property name="user.variant" value=""/>
</properties>
<system-out><![CDATA[
unique-id: [engine:junit-jupiter]
display-name: JUnit Jupiter
]]></system-out>
</testsuite>
